<?xml version="1.0" encoding="UTF-8"?>
<!-- Generated by org.testng.reporters.JUnitReportReporter -->
<testsuite hostname="DESKTOP-L1VE2OJ" failures="0" tests="1" name="testCases.TestCase2" time="23.704" errors="0" timestamp="2022-11-03T16:27:28 IST" skipped="0">
  <testcase classname="testCases.TestCase2" name="tc2" time="23.704"/>
  <system-out/>
</testsuite> <!-- testCases.TestCase2 -->
