<?xml version="1.0" encoding="UTF-8"?>
<!-- Generated by org.testng.reporters.JUnitReportReporter -->
<testsuite hostname="DESKTOP-L1VE2OJ" failures="0" tests="1" name="testCases.TestCase3" time="15.391" errors="0" timestamp="2022-11-09T19:00:08 IST" skipped="0">
  <testcase classname="testCases.TestCase3" name="tc3" time="15.391"/>
  <system-out/>
</testsuite> <!-- testCases.TestCase3 -->
