<?xml version="1.0" encoding="UTF-8"?>
<!-- Generated by org.testng.reporters.JUnitReportReporter -->
<testsuite hostname="DESKTOP-L1VE2OJ" failures="0" tests="1" name="testCases.TestCase1" time="13.796" errors="0" timestamp="2022-11-03T11:38:41 IST" skipped="0">
  <testcase classname="testCases.TestCase1" name="tc1" time="13.796"/>
  <system-out/>
</testsuite> <!-- testCases.TestCase1 -->
