<?xml version="1.0" encoding="UTF-8"?>
<!-- Generated by org.testng.reporters.JUnitReportReporter -->
<testsuite hostname="DESKTOP-L1VE2OJ" failures="0" tests="1" name="testCases.TestCase1" time="16.858" errors="0" timestamp="2022-11-09T19:00:08 IST" skipped="0">
  <testcase classname="testCases.TestCase1" name="tc1" time="16.858"/>
  <system-out/>
</testsuite> <!-- testCases.TestCase1 -->
