<?xml version="1.0" encoding="UTF-8"?>
<!-- Generated by org.testng.reporters.JUnitReportReporter -->
<testsuite hostname="DESKTOP-L1VE2OJ" failures="0" tests="1" name="testCases.TestCase3" time="12.911" errors="0" timestamp="2022-11-10T07:20:15 IST" skipped="0">
  <testcase classname="testCases.TestCase3" name="tc3" time="12.911"/>
  <system-out/>
</testsuite> <!-- testCases.TestCase3 -->
